host: EES-HYDROTRACE
Building DAG of jobs...
Using shell: /usr/bin/bash
Provided cores: 24
Rules claiming more threads will be scaled down.
Conda environments: ignored
Job stats:
job                count
---------------  -------
addgroup_number        1
total                  1

Select jobs to execute...
Execute 1 jobs...

[Mon Dec  2 17:56:23 2024]
localrule addgroup_number:
    output: /home/abolmaal/modelling/FVCOM/Huron/outputgroup_id_counts.csv
    jobid: 0
    reason: Missing output files: /home/abolmaal/modelling/FVCOM/Huron/outputgroup_id_counts.csv
    resources: tmpdir=/tmp

RuleException:
WorkflowError in file /home/abolmaal/Code/Nutrientflux_Project/InDirectNutrientLoad/workflow/Snakefile, line 63:
Failed to open source file /home/abolmaal/Code/Nutrientflux_Project/InDirectNutrientLoad/workflow/../4_addgroup_number.ipynb
FileNotFoundError: [Errno 2] No such file or directory: '/home/abolmaal/Code/Nutrientflux_Project/InDirectNutrientLoad/workflow/../4_addgroup_number.ipynb'
Your conda installation is not configured to use strict channel priorities. This is however important for having robust and correct environments (for details, see https://conda-forge.org/docs/user/tipsandtricks.html). Please consider to configure strict priorities by executing 'conda config --set channel_priority strict'.
[Mon Dec  2 17:56:27 2024]
Error in rule addgroup_number:
    jobid: 0
    output: /home/abolmaal/modelling/FVCOM/Huron/outputgroup_id_counts.csv
    conda-env: /home/abolmaal/Code/Nutrientflux_Project/InDirectNutrientLoad/workflow/.snakemake/conda/104e5048fb65e2da9453c300155e095d_

Shutting down, this might take some time.
Exiting because a job execution failed. Look above for error message
Complete log: .snakemake/log/2024-12-02T175622.966468.snakemake.log
WorkflowError:
At least one job did not complete successfully.
